SF:lib/core/l10n/app_localizations.dart
DA:10,1
DA:11,1
DA:14,1
DA:17,0
DA:18,0
DA:19,0
DA:20,0
DA:25,3
DA:31,3
DA:33,0
DA:34,0
DA:36,0
DA:37,0
DA:38,0
DA:39,0
DA:41,0
DA:42,0
DA:45,0
DA:51,1
DA:52,2
DA:54,2
DA:55,2
LF:22
LH:9
end_of_record
SF:lib/core/models/protocol.dart
DA:17,4
DA:31,0
DA:32,0
DA:33,0
DA:34,0
DA:35,0
DA:36,0
DA:37,0
DA:38,0
DA:39,0
DA:40,0
DA:41,0
DA:42,0
DA:45,1
DA:46,1
DA:47,1
DA:48,1
DA:49,1
DA:50,1
DA:51,1
DA:52,1
DA:53,1
DA:54,2
DA:56,2
DA:57,1
DA:58,1
DA:59,1
DA:60,1
DA:61,1
DA:62,1
DA:79,1
DA:89,2
DA:90,1
DA:91,1
DA:92,1
DA:93,1
DA:94,1
DA:95,1
DA:96,1
DA:108,2
DA:114,2
DA:115,1
DA:116,1
DA:117,1
DA:118,1
DA:128,1
DA:130,2
DA:131,1
DA:132,1
DA:139,1
DA:141,2
DA:142,1
DA:152,1
DA:159,0
DA:160,0
DA:161,0
DA:162,0
DA:163,0
DA:166,2
DA:167,1
DA:168,1
DA:169,1
DA:170,1
DA:183,2
DA:190,2
DA:191,1
DA:192,1
DA:193,1
DA:194,1
DA:195,1
DA:208,2
DA:217,2
DA:218,1
DA:219,1
DA:220,1
DA:221,1
DA:222,1
DA:223,1
DA:224,1
DA:235,0
DA:238,0
DA:239,0
DA:240,0
DA:241,0
DA:242,0
DA:250,0
DA:252,0
DA:253,0
DA:254,0
DA:255,0
DA:269,1
DA:278,0
DA:279,0
DA:280,0
DA:281,0
DA:282,0
DA:283,0
DA:284,0
DA:285,0
DA:286,0
DA:287,0
DA:295,1
DA:297,0
DA:298,0
DA:299,0
DA:308,0
DA:314,0
DA:315,0
DA:316,0
DA:317,0
DA:318,0
DA:319,0
DA:320,0
DA:321,0
DA:322,0
DA:331,0
DA:337,0
DA:338,0
DA:339,0
DA:340,0
DA:343,0
DA:344,0
DA:345,0
DA:346,0
DA:347,0
DA:349,0
DA:358,0
DA:364,0
DA:365,0
DA:366,0
DA:367,0
DA:368,0
DA:369,0
DA:370,0
DA:384,0
DA:392,0
DA:393,0
DA:394,0
DA:395,0
DA:396,0
DA:397,0
DA:398,0
DA:408,1
DA:415,2
DA:416,1
DA:417,1
DA:418,1
DA:419,1
DA:429,1
DA:436,1
DA:437,1
DA:438,1
DA:439,1
DA:440,1
DA:441,1
DA:450,0
DA:456,0
DA:457,0
DA:458,0
DA:459,0
DA:460,0
DA:470,1
DA:477,1
DA:478,1
DA:479,1
DA:480,1
DA:481,1
DA:482,1
DA:494,2
DA:503,2
DA:504,2
DA:505,2
DA:506,2
DA:507,2
DA:508,2
DA:509,2
DA:510,2
DA:526,0
DA:539,0
DA:540,0
DA:541,0
DA:542,0
DA:543,0
DA:544,0
DA:545,0
DA:546,0
DA:547,0
DA:548,0
DA:549,0
DA:550,0
DA:558,0
DA:560,0
DA:561,0
DA:562,0
LF:194
LH:93
end_of_record
SF:lib/core/connection_service.dart
DA:11,3
DA:12,3
DA:13,3
DA:14,0
DA:16,3
DA:17,0
DA:18,3
DA:19,0
DA:24,2
DA:25,4
DA:26,2
DA:27,2
DA:28,2
DA:29,2
DA:30,2
DA:31,2
DA:34,2
DA:36,2
DA:39,0
DA:40,0
DA:41,0
DA:42,0
DA:43,0
DA:44,0
DA:46,0
DA:47,0
DA:52,2
DA:55,4
DA:59,8
DA:76,2
DA:77,2
DA:78,2
DA:79,1
DA:80,1
DA:81,1
DA:82,1
DA:83,0
DA:86,1
DA:87,1
DA:88,1
DA:89,1
DA:90,1
DA:93,1
DA:94,1
DA:95,1
DA:96,0
DA:99,1
DA:100,1
DA:103,1
DA:106,1
DA:108,1
DA:109,2
DA:110,0
DA:114,1
DA:115,1
DA:116,2
DA:118,0
DA:121,1
DA:126,1
DA:127,0
DA:128,1
DA:129,1
DA:130,0
DA:133,1
DA:134,1
DA:135,0
DA:136,0
DA:152,2
DA:164,2
DA:165,2
DA:166,2
DA:167,6
DA:168,4
DA:169,4
DA:170,4
DA:171,4
DA:172,4
DA:173,4
DA:174,2
DA:175,2
DA:176,2
DA:177,2
DA:178,2
DA:179,2
DA:180,8
DA:182,2
DA:196,10
DA:197,10
DA:199,9
DA:201,4
DA:203,4
DA:205,2
DA:216,2
DA:217,2
DA:218,1
DA:219,1
DA:220,2
DA:221,1
DA:222,2
DA:223,0
DA:224,2
DA:225,1
DA:229,2
DA:230,4
DA:231,2
DA:232,2
DA:233,6
DA:234,4
DA:235,4
DA:236,4
DA:238,4
DA:239,2
DA:242,2
DA:243,2
DA:244,2
DA:247,4
DA:248,2
DA:249,4
DA:250,4
DA:253,4
DA:255,2
DA:256,2
DA:257,2
DA:261,4
DA:276,3
DA:288,2
DA:290,2
DA:292,3
DA:295,2
DA:296,4
DA:297,2
DA:298,0
DA:299,4
DA:300,4
DA:301,4
DA:302,4
DA:303,4
DA:304,4
DA:305,6
DA:306,6
DA:330,6
DA:331,6
DA:332,6
DA:333,3
DA:334,1
DA:335,2
DA:336,3
DA:337,0
DA:354,2
DA:356,2
DA:357,6
DA:361,2
DA:362,2
DA:363,2
DA:364,2
DA:365,4
DA:367,4
DA:368,2
DA:369,4
DA:370,4
DA:371,8
DA:372,10
DA:373,6
DA:375,2
DA:377,1
DA:378,2
DA:379,2
DA:384,4
DA:385,2
DA:386,4
DA:387,6
DA:390,1
DA:391,1
DA:392,2
DA:393,2
DA:394,2
DA:395,1
DA:398,0
DA:399,0
DA:401,0
DA:408,2
DA:409,0
DA:413,2
DA:414,2
DA:415,2
DA:416,4
DA:418,6
DA:419,2
DA:420,2
DA:424,12
DA:425,0
DA:426,0
DA:427,0
DA:428,0
DA:429,0
DA:433,0
DA:440,1
DA:441,2
DA:442,2
DA:443,1
DA:444,1
DA:445,3
DA:446,2
DA:449,1
DA:455,0
DA:456,0
DA:457,0
DA:458,0
DA:459,0
DA:460,0
DA:462,0
DA:463,0
DA:467,0
DA:468,0
DA:469,0
DA:470,0
DA:471,0
DA:472,0
DA:473,0
DA:476,0
DA:483,0
DA:484,0
DA:485,0
DA:486,0
DA:487,0
DA:488,0
DA:489,0
DA:491,0
DA:492,0
DA:499,0
DA:500,0
DA:501,0
DA:502,0
DA:506,0
DA:507,0
DA:508,0
DA:509,0
DA:510,0
DA:511,0
DA:512,0
DA:517,2
DA:518,3
DA:519,2
DA:523,1
DA:524,1
DA:525,1
DA:527,2
DA:528,2
DA:529,2
DA:530,0
DA:531,0
DA:536,2
DA:537,2
DA:538,2
DA:541,2
DA:542,4
DA:543,2
DA:544,0
DA:545,0
DA:559,2
DA:560,6
DA:561,4
DA:562,1
DA:563,4
DA:564,4
DA:565,2
DA:566,0
DA:567,4
DA:568,2
DA:569,0
DA:570,4
DA:571,2
DA:572,0
DA:573,4
DA:574,1
DA:575,4
DA:578,0
DA:579,0
DA:581,2
DA:582,2
DA:583,4
DA:584,3
DA:585,0
DA:586,0
DA:589,4
DA:590,4
DA:591,4
DA:592,4
DA:593,6
DA:595,2
DA:596,2
DA:599,1
DA:602,1
DA:603,0
DA:605,0
DA:607,0
DA:611,0
DA:612,0
DA:613,0
DA:615,0
DA:616,0
DA:617,0
DA:621,1
DA:622,0
DA:623,0
DA:624,0
DA:625,0
DA:627,0
DA:628,0
DA:629,0
DA:632,0
DA:633,0
DA:635,0
DA:636,0
DA:637,0
DA:638,0
DA:639,0
DA:643,0
DA:644,0
DA:648,1
DA:650,0
DA:651,0
DA:652,0
DA:656,1
DA:658,0
DA:659,0
DA:660,0
DA:664,1
DA:665,0
DA:668,1
DA:670,0
DA:671,0
DA:672,0
DA:673,0
DA:674,0
DA:678,1
DA:679,1
DA:680,1
DA:681,1
DA:684,1
DA:685,1
DA:689,0
DA:693,0
DA:694,0
DA:695,0
DA:696,0
DA:697,0
DA:698,0
DA:700,0
DA:701,0
DA:702,0
DA:706,0
DA:707,0
DA:708,0
DA:709,0
DA:710,0
DA:712,0
DA:717,0
DA:718,0
DA:719,0
DA:720,0
DA:721,0
DA:722,0
DA:723,0
DA:724,0
DA:725,0
DA:726,0
DA:727,0
DA:728,0
DA:729,0
DA:731,0
DA:732,0
DA:733,0
DA:735,0
DA:736,0
DA:737,0
DA:738,0
DA:739,0
DA:740,0
DA:741,0
DA:742,0
DA:743,0
DA:746,0
DA:748,0
DA:749,0
DA:750,0
DA:751,0
DA:753,0
DA:754,0
DA:755,0
DA:762,2
DA:763,2
DA:764,2
DA:765,2
DA:766,4
DA:767,2
DA:768,4
DA:770,8
DA:771,2
DA:775,0
DA:776,0
DA:777,0
DA:778,0
DA:780,0
DA:781,0
DA:783,0
DA:784,0
DA:785,0
DA:787,0
DA:788,0
DA:789,0
DA:794,0
DA:795,0
DA:797,0
DA:798,0
DA:799,0
DA:800,0
DA:802,0
DA:803,0
DA:804,0
DA:805,0
DA:807,0
DA:809,0
DA:811,0
DA:814,0
DA:815,0
DA:816,0
DA:818,0
DA:819,0
DA:820,0
DA:822,0
DA:824,0
DA:827,0
DA:831,1
DA:832,1
DA:833,1
DA:834,4
DA:837,1
DA:840,0
DA:843,2
DA:844,2
DA:845,4
DA:846,2
DA:849,1
DA:854,3
DA:857,1
DA:864,1
DA:865,2
DA:866,2
DA:868,3
DA:870,1
DA:873,1
DA:876,2
DA:877,1
DA:881,1
DA:882,1
DA:883,1
DA:884,1
DA:885,1
DA:886,2
DA:887,1
DA:888,1
DA:889,2
DA:890,2
DA:894,2
DA:895,2
DA:896,4
DA:897,0
DA:901,2
DA:902,4
DA:903,2
DA:906,2
DA:907,6
DA:910,2
DA:916,2
DA:917,2
DA:918,2
DA:919,2
DA:920,4
DA:921,2
DA:926,2
DA:927,8
DA:930,2
DA:931,2
DA:932,2
DA:933,2
DA:934,2
DA:938,2
DA:944,2
DA:945,2
DA:946,2
DA:947,2
DA:948,2
DA:949,2
DA:950,4
DA:951,2
DA:954,4
DA:955,2
DA:956,2
DA:957,4
DA:958,0
DA:959,0
DA:964,1
DA:968,2
DA:975,0
DA:976,0
DA:982,0
DA:983,0
DA:989,0
DA:990,0
DA:991,0
DA:992,0
DA:993,0
DA:996,0
DA:998,0
DA:1000,0
DA:1001,0
DA:1002,0
DA:1003,0
DA:1004,0
DA:1005,0
DA:1006,0
DA:1007,0
DA:1009,0
DA:1012,2
DA:1013,2
DA:1014,2
DA:1015,2
DA:1016,2
DA:1017,2
DA:1018,4
DA:1019,2
DA:1022,2
DA:1023,2
DA:1024,2
DA:1025,4
DA:1026,4
DA:1027,4
DA:1028,4
DA:1029,4
DA:1038,0
LF:541
LH:317
end_of_record
SF:lib/core/crypto.dart
DA:11,2
DA:12,6
DA:14,2
DA:15,4
DA:16,4
DA:17,8
DA:19,2
DA:20,2
DA:26,0
DA:28,0
DA:29,0
DA:30,0
DA:36,0
DA:37,0
DA:38,0
DA:41,0
DA:42,0
DA:48,0
DA:49,0
DA:50,0
DA:52,0
DA:53,0
DA:55,0
DA:56,0
DA:59,0
DA:61,0
DA:64,0
DA:65,0
DA:66,0
DA:70,0
DA:71,0
DA:73,0
DA:74,0
DA:75,0
DA:78,0
DA:79,0
DA:80,0
DA:90,0
DA:92,0
DA:93,0
DA:94,0
DA:95,0
DA:96,0
DA:98,0
DA:102,0
DA:109,0
DA:110,0
DA:113,0
DA:114,0
DA:117,0
DA:118,0
DA:119,0
DA:120,0
DA:123,0
DA:124,0
DA:125,0
DA:126,0
DA:127,0
DA:129,0
DA:130,0
DA:132,0
DA:136,0
LF:62
LH:8
end_of_record
SF:lib/core/theme/app_theme.dart
DA:26,1
DA:152,0
DA:163,1
DA:164,1
DA:166,1
DA:167,2
DA:171,3
DA:176,3
DA:177,3
DA:178,3
DA:179,3
DA:180,0
DA:181,3
DA:182,3
DA:183,3
DA:184,3
DA:185,3
DA:186,3
DA:187,3
DA:188,3
DA:189,3
DA:190,3
DA:195,3
DA:200,1
DA:203,1
DA:204,1
DA:205,2
DA:208,1
DA:209,1
DA:210,2
DA:213,1
DA:214,1
DA:215,1
DA:216,0
DA:217,0
DA:221,1
DA:222,1
DA:223,1
DA:248,1
DA:249,1
DA:250,3
DA:252,1
DA:254,1
DA:256,1
DA:257,1
DA:258,1
DA:259,1
DA:260,1
DA:261,1
DA:264,1
DA:267,1
DA:268,1
DA:269,1
DA:270,1
DA:275,1
DA:276,1
DA:277,1
DA:282,1
DA:283,1
DA:285,1
DA:287,2
DA:290,1
DA:291,1
DA:295,2
DA:296,1
DA:297,1
DA:302,1
DA:303,1
DA:304,1
DA:308,1
DA:309,1
DA:312,1
DA:313,1
LF:73
LH:69
end_of_record
SF:lib/features/chat/approval_sheet.dart
DA:9,1
DA:11,1
DA:13,1
DA:16,1
DA:18,1
DA:19,2
DA:21,1
DA:24,1
DA:25,1
DA:26,1
DA:29,1
DA:30,1
DA:31,1
DA:32,1
DA:40,1
DA:41,2
DA:46,1
DA:49,1
DA:50,1
DA:51,1
DA:53,1
DA:54,4
DA:55,0
DA:56,2
DA:62,1
DA:68,1
DA:69,1
DA:70,0
DA:71,2
DA:74,1
DA:75,0
DA:76,1
DA:77,1
DA:81,1
DA:82,0
DA:84,1
DA:85,2
DA:94,0
DA:95,0
DA:97,0
DA:99,0
LF:41
LH:33
end_of_record
SF:lib/features/chat/ask_user_screen.dart
DA:9,1
DA:11,1
DA:12,1
DA:19,1
DA:21,3
DA:22,1
DA:24,1
DA:27,1
DA:29,2
DA:30,3
DA:31,4
DA:34,0
DA:35,0
DA:36,0
DA:39,3
DA:44,1
DA:48,1
DA:49,1
DA:50,1
DA:51,1
DA:56,1
DA:58,1
DA:60,1
DA:62,1
DA:66,1
DA:68,1
DA:72,1
DA:74,1
DA:75,1
DA:79,1
DA:80,1
DA:81,1
DA:89,1
DA:91,0
DA:98,1
DA:99,1
DA:102,2
DA:103,1
DA:104,3
DA:110,1
DA:112,1
DA:115,1
DA:116,1
DA:118,1
DA:119,1
DA:122,0
DA:141,1
DA:142,1
DA:144,1
DA:146,1
DA:148,1
DA:150,1
DA:151,1
DA:152,2
DA:156,1
DA:157,1
DA:158,1
DA:167,2
DA:168,4
DA:169,1
DA:172,4
DA:173,0
DA:178,2
DA:179,0
DA:180,0
DA:183,0
DA:189,4
DA:191,1
DA:192,2
DA:193,3
DA:195,1
DA:196,2
DA:197,0
DA:200,2
DA:203,1
DA:204,1
DA:210,2
DA:218,1
DA:220,1
DA:221,0
DA:222,0
DA:223,0
DA:225,0
DA:226,0
DA:228,0
DA:231,0
DA:235,1
DA:237,1
DA:238,1
DA:239,1
DA:251,1
DA:252,1
DA:253,1
DA:254,1
DA:266,0
DA:267,0
DA:268,0
DA:269,0
DA:270,0
DA:271,0
DA:273,0
DA:276,0
DA:277,0
DA:278,0
DA:279,0
DA:281,0
DA:282,0
DA:283,0
DA:284,0
DA:285,0
DA:286,0
DA:288,0
DA:290,0
DA:293,0
DA:295,0
DA:296,0
DA:298,0
DA:303,0
DA:304,0
DA:305,0
DA:306,0
DA:310,0
DA:313,0
DA:314,0
DA:316,0
DA:320,0
DA:321,0
DA:322,0
DA:323,0
DA:328,0
LF:130
LH:77
end_of_record
SF:lib/features/chat/chat_screen.dart
DA:15,1
DA:17,1
DA:18,1
DA:31,1
DA:33,1
DA:34,2
DA:35,2
DA:36,3
DA:37,2
DA:38,1
DA:41,0
DA:42,0
DA:43,0
DA:45,0
DA:46,0
DA:47,0
DA:52,1
DA:53,3
DA:54,3
DA:55,5
DA:60,1
DA:61,3
DA:64,1
DA:66,4
DA:68,4
DA:69,4
DA:77,3
DA:78,2
DA:80,1
DA:81,1
DA:82,4
DA:83,3
DA:85,4
DA:86,0
DA:88,2
DA:91,1
DA:93,4
DA:95,3
DA:98,3
DA:99,3
DA:100,3
DA:101,3
DA:102,3
DA:103,3
DA:104,4
DA:105,3
DA:107,3
DA:109,2
DA:111,0
DA:112,0
DA:113,1
DA:114,2
DA:115,3
DA:119,1
DA:120,1
DA:121,2
DA:122,1
DA:123,2
DA:124,2
DA:127,2
DA:128,1
DA:129,0
DA:130,0
DA:134,1
DA:138,7
DA:139,1
DA:140,4
DA:141,0
DA:144,4
DA:145,1
DA:148,4
DA:150,1
DA:151,1
DA:152,1
DA:155,1
DA:157,1
DA:158,1
DA:159,1
DA:160,1
DA:161,1
DA:162,1
DA:163,1
DA:164,1
DA:165,1
DA:166,1
DA:167,2
DA:169,1
DA:171,1
DA:174,1
DA:175,1
DA:176,1
DA:177,1
DA:178,1
DA:179,1
DA:180,0
DA:186,1
DA:187,1
DA:188,1
DA:192,0
DA:193,0
DA:194,0
DA:196,0
DA:206,1
DA:207,1
DA:208,0
DA:209,2
DA:213,1
DA:215,2
DA:216,2
DA:217,1
DA:218,1
DA:219,1
DA:223,1
DA:224,0
DA:225,0
DA:226,0
DA:227,0
DA:230,0
DA:231,0
DA:232,0
DA:233,0
DA:238,2
DA:239,2
DA:240,1
DA:241,2
DA:244,0
DA:245,0
DA:247,0
DA:248,0
DA:249,0
DA:251,0
DA:252,0
DA:253,0
DA:255,0
DA:256,0
DA:257,0
DA:258,0
DA:260,0
DA:261,0
DA:262,0
DA:269,1
DA:270,1
DA:271,0
DA:273,0
DA:274,0
DA:276,0
DA:277,0
DA:278,0
DA:280,0
DA:281,0
DA:282,0
DA:284,0
DA:286,0
DA:287,0
DA:288,0
DA:290,0
DA:291,0
DA:292,0
DA:293,0
DA:294,0
DA:296,0
DA:297,0
DA:298,0
DA:299,0
DA:300,0
DA:301,0
DA:303,0
DA:305,0
DA:306,0
DA:307,0
DA:317,1
DA:318,1
DA:321,1
DA:322,1
DA:323,1
DA:325,4
DA:326,2
DA:327,2
DA:328,1
DA:329,1
DA:331,3
DA:333,1
DA:335,1
DA:337,1
DA:339,1
DA:342,1
DA:344,2
DA:348,0
DA:349,0
DA:353,0
DA:357,1
DA:358,1
DA:360,1
DA:362,0
DA:363,1
DA:366,0
DA:367,0
DA:368,0
DA:369,0
DA:370,0
DA:371,0
DA:374,0
DA:385,1
DA:386,1
DA:388,1
DA:389,2
DA:391,1
DA:392,0
DA:393,0
DA:394,0
DA:396,0
DA:398,0
DA:401,0
DA:402,0
DA:403,0
DA:406,1
DA:407,1
DA:409,2
DA:410,1
DA:411,1
DA:415,1
DA:416,1
DA:417,1
DA:418,1
DA:419,1
DA:421,1
DA:426,1
DA:427,2
DA:433,0
DA:434,0
DA:435,0
DA:436,0
DA:438,0
DA:439,0
DA:440,0
DA:441,0
DA:444,1
DA:445,3
DA:446,2
DA:448,0
DA:449,0
DA:452,0
DA:453,0
DA:454,0
DA:455,0
DA:456,0
DA:457,0
DA:458,0
DA:461,0
DA:462,0
DA:463,0
DA:465,0
DA:466,0
DA:467,0
DA:468,0
DA:469,0
DA:470,0
DA:475,0
DA:476,0
DA:477,0
DA:478,0
DA:479,0
DA:482,0
DA:484,0
DA:485,0
DA:488,0
DA:490,0
DA:492,0
DA:493,0
DA:494,0
DA:496,0
DA:497,0
DA:498,0
DA:499,0
DA:502,0
DA:505,0
DA:506,0
DA:507,0
DA:508,0
DA:509,0
DA:512,0
DA:513,0
DA:514,0
DA:516,0
DA:517,0
DA:522,0
DA:523,0
DA:524,0
DA:525,0
DA:526,0
DA:529,0
DA:531,0
DA:532,0
DA:535,0
DA:537,0
DA:539,0
DA:540,0
DA:541,0
DA:543,0
DA:544,0
DA:545,0
DA:546,0
DA:547,0
DA:548,0
DA:549,0
DA:551,0
DA:554,0
DA:555,0
DA:556,0
DA:557,0
DA:558,0
DA:569,1
DA:570,2
DA:572,3
DA:573,1
DA:575,1
DA:579,1
DA:581,1
DA:582,7
DA:583,1
DA:586,1
DA:588,3
DA:599,1
DA:604,1
DA:605,1
DA:610,2
DA:615,4
DA:617,1
DA:619,1
DA:620,1
DA:623,1
DA:625,1
DA:626,6
DA:627,1
DA:631,1
DA:632,1
DA:633,2
DA:634,2
DA:638,5
DA:639,2
DA:640,2
DA:644,1
DA:646,2
DA:647,1
DA:650,1
DA:652,3
DA:653,3
DA:654,4
DA:656,1
DA:657,1
DA:658,1
DA:660,4
DA:661,1
DA:662,1
DA:663,2
DA:664,2
DA:667,3
DA:668,0
DA:669,1
DA:670,1
DA:671,2
DA:672,2
DA:676,1
DA:679,1
DA:680,1
DA:681,3
DA:682,1
DA:683,1
DA:684,2
DA:685,1
DA:687,1
DA:688,1
DA:690,2
DA:691,1
DA:695,1
DA:697,1
DA:698,1
DA:699,1
DA:700,1
DA:703,1
DA:704,1
DA:705,3
DA:706,0
DA:707,1
DA:708,1
DA:711,1
DA:712,1
DA:713,1
DA:714,1
DA:715,1
DA:716,2
DA:717,1
DA:718,2
DA:723,1
DA:724,1
DA:725,1
DA:726,1
DA:727,1
DA:739,1
DA:740,2
DA:741,1
DA:746,1
DA:747,3
DA:748,3
DA:749,3
DA:750,3
DA:751,3
DA:765,1
DA:770,1
DA:772,1
DA:773,1
DA:774,4
DA:776,1
DA:777,2
DA:778,1
DA:779,3
DA:781,1
DA:783,1
DA:784,1
DA:787,1
DA:789,1
DA:793,1
DA:795,1
DA:796,2
DA:806,2
DA:807,0
DA:809,0
DA:811,0
DA:815,1
DA:817,4
DA:819,2
DA:827,1
DA:829,1
DA:831,1
DA:833,1
DA:834,1
DA:835,1
DA:836,1
DA:837,1
DA:838,3
DA:840,1
DA:841,1
DA:842,2
DA:843,1
DA:844,1
DA:845,1
DA:846,1
DA:847,1
DA:848,2
DA:853,1
DA:854,1
DA:855,2
DA:866,1
DA:868,1
DA:870,1
DA:871,1
DA:872,2
DA:874,1
DA:879,1
DA:881,0
DA:882,1
DA:883,1
DA:884,1
DA:886,0
DA:887,1
DA:890,1
DA:891,1
DA:892,1
DA:896,0
DA:899,0
DA:904,1
DA:905,1
DA:907,1
DA:908,1
DA:910,1
DA:911,1
DA:916,2
DA:918,1
DA:920,1
DA:921,1
DA:934,1
DA:935,2
DA:936,0
DA:938,2
DA:939,1
DA:940,0
DA:941,1
DA:942,0
DA:945,1
DA:946,1
DA:947,1
DA:948,4
DA:951,0
DA:952,0
DA:956,1
DA:957,2
DA:958,0
DA:960,0
DA:961,0
DA:965,2
DA:966,1
DA:967,0
DA:968,1
DA:969,0
DA:970,0
DA:972,0
DA:976,1
DA:977,3
DA:980,1
DA:981,1
DA:983,1
DA:984,3
DA:987,0
DA:988,0
DA:994,1
DA:996,1
DA:998,1
DA:1005,0
DA:1006,0
DA:1007,0
DA:1008,0
DA:1009,0
DA:1012,1
DA:1014,2
DA:1015,1
DA:1018,1
DA:1020,3
DA:1021,1
DA:1022,1
DA:1023,1
DA:1024,1
DA:1025,1
DA:1026,1
DA:1027,1
DA:1028,1
DA:1029,1
DA:1030,1
DA:1031,2
DA:1032,0
DA:1034,1
DA:1035,1
DA:1036,1
DA:1037,1
DA:1044,1
DA:1045,1
DA:1046,1
DA:1051,0
DA:1052,0
DA:1053,0
DA:1054,0
DA:1055,0
DA:1056,0
DA:1057,0
DA:1058,0
DA:1062,1
DA:1063,1
DA:1067,4
DA:1069,1
DA:1071,1
DA:1072,1
DA:1073,1
DA:1075,2
DA:1078,1
DA:1079,1
DA:1080,1
DA:1081,1
DA:1082,1
DA:1087,1
DA:1088,1
DA:1090,1
DA:1092,2
DA:1093,1
DA:1094,1
DA:1095,2
DA:1097,1
DA:1098,1
DA:1099,1
DA:1103,2
DA:1104,1
DA:1105,0
DA:1106,0
DA:1107,0
DA:1108,0
DA:1109,0
DA:1110,0
DA:1115,0
DA:1116,0
DA:1118,1
DA:1119,1
DA:1121,1
DA:1122,1
DA:1123,1
DA:1124,1
DA:1125,1
DA:1128,2
DA:1147,1
DA:1155,1
DA:1156,1
DA:1162,1
DA:1163,5
DA:1165,1
DA:1166,8
DA:1168,6
DA:1170,1
DA:1171,4
DA:1173,1
DA:1175,4
DA:1176,0
DA:1177,2
DA:1179,1
DA:1180,5
DA:1181,1
DA:1183,1
DA:1184,1
DA:1185,1
DA:1186,2
DA:1187,0
DA:1188,1
DA:1189,1
DA:1190,1
DA:1191,2
DA:1192,0
DA:1193,1
DA:1196,1
DA:1198,1
DA:1199,1
DA:1200,1
DA:1201,1
DA:1202,1
DA:1204,1
DA:1206,1
DA:1207,1
DA:1208,3
DA:1209,1
DA:1210,2
DA:1211,0
DA:1212,1
DA:1219,1
DA:1220,1
DA:1221,0
DA:1223,1
DA:1224,4
DA:1225,1
DA:1226,2
DA:1227,0
DA:1228,1
DA:1230,1
DA:1232,1
DA:1233,1
DA:1241,0
DA:1242,0
DA:1243,0
DA:1245,0
DA:1246,0
DA:1247,0
DA:1251,0
DA:1252,0
DA:1255,0
DA:1256,0
DA:1259,0
DA:1260,0
DA:1263,0
DA:1264,0
DA:1266,0
DA:1268,0
DA:1269,0
DA:1270,0
DA:1271,0
DA:1276,0
DA:1279,0
DA:1280,0
DA:1296,1
DA:1301,1
DA:1303,1
DA:1304,1
DA:1305,1
DA:1306,1
DA:1307,2
DA:1309,1
DA:1310,0
DA:1311,0
DA:1312,0
DA:1315,0
DA:1317,0
DA:1321,1
DA:1322,1
DA:1323,2
DA:1324,1
DA:1325,1
DA:1333,0
DA:1334,0
DA:1335,0
DA:1336,0
LF:693
LH:443
end_of_record
SF:lib/features/chat/input_bar.dart
DA:10,1
DA:12,1
DA:13,1
DA:20,1
DA:22,1
DA:23,2
DA:29,1
DA:31,2
DA:32,1
DA:35,1
DA:37,3
DA:38,1
DA:39,3
DA:40,3
DA:41,3
DA:44,2
DA:45,2
DA:47,2
DA:48,0
DA:49,0
DA:53,1
DA:54,2
DA:55,1
DA:57,1
DA:59,1
DA:62,1
DA:63,1
DA:64,1
DA:65,1
DA:67,1
DA:69,1
DA:70,1
DA:71,1
DA:72,1
DA:73,1
DA:74,2
DA:76,4
DA:77,1
DA:78,1
DA:79,3
DA:80,1
DA:81,1
DA:82,1
DA:83,1
DA:84,1
DA:85,1
DA:88,1
DA:90,2
DA:91,1
DA:98,1
DA:99,2
DA:100,2
DA:101,1
DA:103,2
DA:105,1
DA:106,1
DA:107,1
DA:110,1
DA:111,1
DA:114,1
DA:115,1
DA:121,0
DA:125,1
DA:127,1
DA:129,1
DA:130,0
DA:131,0
DA:133,0
DA:138,1
DA:139,1
DA:141,2
DA:142,1
DA:150,0
DA:151,0
DA:152,0
DA:153,0
DA:154,0
DA:155,0
DA:165,1
DA:172,1
DA:174,1
DA:177,1
DA:178,1
DA:179,1
DA:180,2
DA:183,1
DA:184,3
DA:185,1
DA:186,1
LF:89
LH:77
end_of_record
SF:lib/features/connect/connect_screen.dart
DA:15,1
DA:17,3
DA:18,1
DA:21,1
DA:22,1
DA:23,1
DA:27,1
DA:28,1
DA:29,1
DA:30,1
DA:31,1
DA:37,5
DA:40,1
DA:42,1
DA:43,1
DA:50,1
DA:52,1
DA:53,1
DA:56,1
DA:57,1
DA:58,5
DA:61,0
DA:62,0
DA:63,0
DA:64,0
DA:65,0
DA:66,0
DA:67,0
DA:68,0
DA:72,0
DA:73,0
DA:74,0
DA:75,0
DA:76,0
DA:79,0
DA:80,0
DA:82,0
DA:83,0
DA:84,0
DA:86,0
DA:87,0
DA:90,1
DA:92,2
DA:93,1
DA:96,1
DA:97,1
DA:99,1
DA:101,0
DA:102,0
DA:104,0
DA:105,0
DA:106,0
DA:107,0
DA:108,0
DA:111,0
DA:112,0
DA:113,0
DA:114,0
DA:117,0
DA:118,0
DA:122,1
DA:123,1
DA:125,1
DA:127,0
DA:128,0
DA:130,0
DA:133,0
DA:134,0
DA:135,0
DA:136,0
DA:137,0
DA:138,0
DA:140,0
DA:144,0
DA:145,0
DA:148,0
DA:149,0
DA:151,0
DA:153,0
DA:154,0
DA:158,1
DA:160,3
DA:161,3
DA:162,2
DA:163,1
DA:164,1
DA:166,1
DA:167,0
DA:168,0
DA:169,0
DA:170,0
DA:171,0
DA:173,0
DA:174,0
DA:175,0
DA:176,0
DA:177,0
DA:178,0
DA:179,0
DA:181,0
DA:182,0
DA:183,0
DA:184,0
DA:192,0
DA:193,0
DA:194,0
DA:199,0
DA:200,0
DA:201,0
DA:202,0
DA:203,0
DA:208,0
DA:209,0
DA:210,0
DA:213,0
DA:223,1
DA:224,1
DA:225,1
DA:226,1
DA:228,1
DA:230,1
DA:232,1
DA:235,1
DA:236,1
DA:237,3
DA:241,1
DA:242,2
DA:245,1
DA:246,1
DA:248,1
DA:249,1
DA:256,1
DA:257,1
DA:258,1
DA:259,1
DA:260,1
DA:265,1
DA:266,1
DA:267,1
DA:268,2
DA:274,1
DA:277,1
DA:278,0
DA:279,1
DA:280,2
DA:281,1
DA:282,1
DA:283,1
DA:284,1
DA:285,2
DA:286,1
DA:287,1
DA:292,1
DA:295,1
DA:296,1
DA:297,3
DA:298,1
DA:299,1
DA:300,1
DA:301,1
DA:302,1
DA:304,3
DA:307,1
DA:310,1
DA:311,1
DA:312,2
DA:313,1
DA:315,2
DA:317,1
DA:318,1
DA:319,1
DA:322,2
DA:323,3
DA:324,0
DA:326,0
DA:327,0
DA:328,0
DA:329,0
DA:334,0
DA:335,0
DA:340,1
DA:343,1
DA:344,1
DA:345,1
DA:346,1
DA:347,1
DA:348,1
DA:364,1
DA:366,1
DA:369,1
DA:370,2
DA:371,1
DA:372,1
DA:373,2
DA:376,1
DA:378,1
DA:379,1
DA:382,1
DA:384,1
DA:388,1
DA:389,1
DA:391,1
DA:392,1
DA:393,1
DA:394,1
DA:395,1
DA:401,1
DA:402,1
DA:403,1
DA:404,1
DA:417,0
DA:418,0
DA:419,0
DA:421,0
DA:422,0
DA:423,0
DA:424,0
DA:425,0
DA:426,0
DA:428,0
DA:430,0
DA:436,1
DA:437,0
DA:438,0
DA:440,0
DA:441,0
DA:442,0
DA:443,0
DA:449,0
DA:450,0
DA:451,0
DA:452,0
DA:454,0
DA:455,0
DA:457,0
DA:458,0
DA:459,0
DA:461,0
DA:462,0
DA:466,0
DA:467,0
DA:468,0
LF:242
LH:125
end_of_record
SF:lib/main.dart
DA:16,0
DA:17,0
DA:18,0
DA:19,0
DA:23,1
DA:25,1
DA:28,2
DA:29,1
DA:32,1
DA:39,1
DA:41,1
DA:42,1
DA:53,1
DA:55,1
DA:56,2
DA:57,1
DA:58,6
DA:59,1
DA:60,6
DA:64,0
DA:65,0
DA:66,0
DA:67,0
DA:68,0
DA:69,0
DA:74,0
DA:77,0
DA:78,0
DA:83,0
DA:84,0
DA:91,0
DA:92,0
DA:97,0
DA:98,0
DA:102,0
DA:108,1
DA:110,2
DA:111,1
DA:112,1
DA:113,1
DA:116,0
DA:118,0
DA:120,0
DA:121,0
DA:122,0
DA:124,0
DA:128,0
DA:130,0
DA:131,0
DA:132,0
DA:134,0
DA:135,0
DA:136,0
DA:143,0
DA:145,0
DA:146,0
DA:147,0
DA:148,0
DA:151,0
DA:152,0
DA:153,0
DA:154,0
DA:159,1
DA:161,3
DA:162,3
DA:165,4
DA:166,2
DA:167,1
DA:168,2
DA:169,1
DA:174,4
DA:176,3
DA:177,1
DA:181,1
DA:187,4
DA:188,1
DA:189,3
DA:190,1
DA:191,2
DA:192,1
DA:196,2
DA:197,1
DA:198,1
DA:199,2
DA:200,1
DA:205,0
DA:207,0
DA:208,0
DA:209,0
DA:210,0
DA:211,0
DA:212,0
DA:214,0
DA:216,0
DA:220,3
DA:221,0
DA:223,3
DA:224,0
DA:226,3
DA:227,0
DA:229,3
DA:230,0
DA:232,3
DA:233,0
DA:237,1
DA:238,1
DA:239,1
DA:240,1
DA:241,1
DA:242,1
DA:244,1
DA:245,1
DA:246,1
DA:247,3
DA:248,5
DA:253,1
DA:261,1
DA:262,2
DA:263,1
DA:264,2
DA:265,1
DA:266,1
LF:122
LH:66
end_of_record
SF:lib/core/providers/connection_provider.dart
DA:19,4
DA:20,2
DA:42,2
DA:51,0
DA:59,0
DA:60,0
DA:63,0
DA:66,0
DA:69,0
DA:71,0
DA:72,0
DA:84,2
DA:92,2
DA:98,2
DA:99,2
DA:100,2
DA:102,2
DA:105,2
DA:107,2
DA:147,2
DA:149,8
DA:150,4
DA:151,6
DA:152,2
DA:153,2
DA:155,2
DA:158,2
DA:159,2
DA:160,0
DA:161,0
DA:162,0
DA:163,0
DA:165,1
DA:166,4
DA:167,1
DA:168,3
DA:169,1
DA:170,1
DA:171,1
DA:172,2
DA:173,1
DA:174,2
DA:178,0
DA:179,0
DA:180,0
DA:181,0
DA:184,1
DA:186,4
DA:187,1
DA:188,1
DA:189,1
DA:190,1
DA:191,1
DA:194,0
DA:196,0
DA:197,0
DA:198,0
DA:201,1
DA:203,1
DA:205,1
DA:207,1
DA:208,3
DA:210,1
DA:211,1
DA:212,3
DA:213,0
DA:214,2
DA:216,3
DA:217,1
DA:219,1
DA:220,1
DA:221,1
DA:225,1
DA:226,1
DA:227,1
DA:232,1
DA:233,1
DA:234,4
DA:235,1
DA:236,1
DA:237,1
DA:238,1
DA:241,1
DA:243,1
DA:244,3
DA:246,1
DA:251,3
DA:252,0
DA:253,0
DA:260,1
DA:263,4
DA:265,1
DA:266,1
DA:267,1
DA:268,1
DA:269,1
DA:270,1
DA:271,1
DA:272,1
DA:274,1
DA:275,1
DA:276,2
DA:277,0
DA:278,0
DA:279,0
DA:281,1
DA:282,1
DA:283,0
DA:286,1
DA:287,2
DA:288,1
DA:289,4
DA:293,1
DA:299,1
DA:304,1
DA:307,1
DA:308,1
DA:309,1
DA:310,2
DA:311,1
DA:312,2
DA:313,1
DA:314,1
DA:315,1
DA:316,1
DA:317,2
DA:318,2
DA:319,1
DA:321,1
DA:323,1
DA:328,1
DA:332,1
DA:336,1
DA:337,1
DA:338,1
DA:339,3
DA:341,3
DA:343,2
DA:348,1
DA:350,0
DA:351,0
DA:353,0
DA:360,0
DA:361,0
DA:362,0
DA:363,0
DA:366,0
DA:369,0
DA:370,0
DA:371,0
DA:372,0
DA:373,0
DA:374,0
DA:375,0
DA:376,0
DA:382,0
DA:383,0
DA:384,0
DA:385,0
DA:386,0
DA:387,0
DA:388,0
DA:389,0
DA:390,0
DA:391,0
DA:392,0
DA:393,0
DA:394,0
DA:395,0
DA:396,0
DA:397,0
DA:398,0
DA:399,0
DA:400,0
DA:406,1
DA:407,1
DA:408,1
DA:409,1
DA:410,1
DA:411,1
DA:414,2
DA:415,8
DA:418,4
DA:419,0
DA:420,0
DA:421,0
DA:426,2
DA:427,2
DA:429,2
DA:430,8
DA:431,2
DA:432,2
DA:435,6
DA:436,1
DA:437,1
DA:438,1
DA:439,1
DA:440,1
DA:441,2
DA:442,2
DA:444,2
DA:445,2
DA:446,2
DA:447,4
DA:448,2
DA:449,4
DA:452,3
DA:453,1
DA:454,1
DA:455,2
DA:457,2
DA:458,2
DA:464,4
DA:465,2
DA:466,2
DA:467,4
DA:469,12
DA:470,6
DA:471,2
DA:472,2
DA:473,2
DA:474,2
DA:477,2
DA:479,1
DA:480,1
DA:483,1
DA:484,1
DA:485,3
DA:486,2
DA:487,2
DA:488,1
DA:490,1
DA:491,1
DA:492,1
DA:495,1
DA:499,1
DA:500,6
DA:501,3
DA:502,1
DA:503,1
DA:504,1
DA:505,1
DA:508,2
DA:509,0
DA:510,0
DA:511,0
DA:512,0
DA:513,0
DA:518,2
DA:519,0
DA:520,0
DA:521,0
DA:522,0
DA:527,2
DA:528,1
DA:530,1
DA:534,1
DA:535,1
DA:536,2
DA:537,2
DA:538,1
DA:539,1
DA:540,2
DA:544,0
DA:545,0
DA:547,0
DA:548,0
DA:551,1
DA:552,1
DA:553,3
DA:554,2
DA:556,1
DA:557,6
DA:558,4
DA:559,1
DA:560,1
DA:561,2
DA:562,1
DA:565,2
DA:566,1
DA:567,0
DA:570,0
DA:571,0
DA:572,0
DA:573,0
DA:574,0
DA:578,2
DA:579,5
DA:580,6
DA:582,2
DA:583,0
DA:584,0
DA:586,2
DA:587,0
DA:589,1
DA:590,1
DA:591,1
DA:593,1
DA:594,2
DA:595,1
DA:597,2
DA:598,1
DA:600,6
DA:601,3
DA:603,1
DA:604,1
DA:608,2
DA:611,0
DA:612,0
DA:613,0
DA:614,0
DA:615,0
DA:618,2
DA:619,1
DA:620,0
DA:623,1
DA:624,2
DA:625,2
DA:627,1
DA:628,1
DA:631,2
DA:632,1
DA:633,0
DA:636,1
DA:637,2
DA:639,4
DA:640,1
DA:641,0
DA:642,2
DA:643,0
DA:644,0
DA:646,0
DA:648,1
DA:649,1
DA:650,1
DA:652,1
DA:655,1
DA:658,1
DA:663,1
DA:664,1
DA:667,2
DA:668,1
DA:669,1
DA:672,1
DA:673,2
DA:675,3
DA:676,1
DA:677,1
DA:679,1
DA:680,0
DA:681,1
DA:685,1
DA:686,1
DA:689,2
DA:690,2
DA:691,1
DA:692,0
DA:695,1
DA:696,2
DA:697,2
DA:698,1
DA:699,0
DA:700,2
DA:701,1
DA:702,0
DA:703,2
DA:706,1
DA:707,1
DA:710,1
DA:711,1
DA:714,2
DA:715,0
DA:716,0
DA:719,0
DA:720,0
DA:721,0
DA:722,0
DA:723,0
DA:724,0
DA:725,0
DA:727,0
DA:728,0
DA:732,0
DA:733,0
DA:736,2
DA:739,2
DA:740,2
DA:741,1
DA:742,0
DA:745,2
DA:746,1
DA:747,1
DA:749,1
DA:750,1
DA:753,2
DA:754,0
DA:755,0
DA:758,0
DA:759,0
DA:760,0
DA:762,0
DA:763,0
DA:766,2
DA:767,1
DA:768,0
DA:771,1
DA:772,2
DA:773,2
DA:774,1
DA:775,1
DA:776,1
DA:777,2
DA:780,0
DA:783,1
DA:784,1
DA:787,2
DA:788,1
DA:789,0
DA:792,1
DA:793,1
DA:794,2
DA:795,1
DA:796,0
DA:797,0
DA:800,1
DA:801,1
DA:804,2
DA:805,1
DA:806,0
DA:809,1
DA:811,3
DA:813,1
DA:814,1
DA:817,2
DA:818,0
DA:819,0
DA:822,0
DA:823,0
DA:824,0
DA:825,0
DA:827,0
DA:828,0
DA:831,2
DA:832,0
DA:833,0
DA:836,0
DA:837,0
DA:838,0
DA:839,0
DA:840,0
DA:843,0
DA:844,0
DA:847,2
DA:848,0
DA:849,0
DA:852,0
DA:853,0
DA:855,0
DA:856,0
DA:857,0
DA:858,0
DA:859,0
DA:860,0
DA:861,0
DA:864,0
DA:865,0
DA:868,2
DA:869,0
DA:870,0
DA:873,0
DA:874,0
DA:875,0
DA:876,0
DA:877,0
DA:878,0
DA:879,0
DA:880,0
DA:881,0
DA:884,0
DA:887,0
DA:888,0
DA:891,2
DA:892,0
DA:893,0
DA:896,0
DA:897,0
DA:898,0
DA:899,0
DA:900,0
DA:901,0
DA:902,0
DA:903,0
DA:907,0
DA:908,0
DA:911,2
DA:912,1
DA:913,0
DA:916,1
DA:917,2
DA:918,1
DA:919,1
DA:922,1
DA:924,1
DA:925,1
DA:928,2
DA:929,1
DA:930,0
DA:933,1
DA:934,2
DA:935,1
DA:936,1
DA:939,1
DA:941,1
DA:942,1
DA:945,2
DA:946,0
DA:947,0
DA:950,0
DA:951,0
DA:952,0
DA:953,0
DA:955,0
DA:956,0
DA:959,2
DA:960,0
DA:961,0
DA:964,0
DA:965,0
DA:966,0
DA:967,0
DA:968,0
DA:971,0
DA:972,0
DA:975,2
DA:976,1
DA:977,0
DA:980,1
DA:981,2
DA:982,1
DA:983,1
DA:986,2
DA:987,1
DA:988,1
DA:989,1
DA:992,1
DA:993,1
DA:995,1
DA:996,1
DA:997,1
DA:1000,1
DA:1003,2
DA:1004,2
DA:1005,0
DA:1008,2
DA:1009,4
DA:1010,2
DA:1011,2
DA:1014,8
DA:1015,2
DA:1016,2
DA:1017,2
DA:1018,2
DA:1019,2
DA:1020,2
DA:1021,2
DA:1022,2
DA:1023,2
DA:1024,2
DA:1027,2
DA:1030,1
DA:1031,0
DA:1032,0
DA:1035,0
DA:1036,0
DA:1037,0
DA:1038,0
DA:1039,0
DA:1040,0
DA:1041,0
DA:1042,0
DA:1043,0
DA:1044,0
DA:1045,0
DA:1046,0
DA:1047,0
DA:1048,0
DA:1049,0
DA:1050,0
DA:1051,0
DA:1054,0
DA:1057,1
DA:1058,0
DA:1059,0
DA:1062,0
DA:1063,0
DA:1064,0
DA:1067,0
DA:1070,0
DA:1073,1
DA:1076,5
DA:1077,2
DA:1078,1
DA:1080,1
DA:1082,3
DA:1089,0
DA:1090,0
DA:1091,0
DA:1093,0
DA:1094,0
DA:1100,1
DA:1101,1
DA:1102,5
DA:1103,5
DA:1104,5
DA:1105,5
DA:1106,5
DA:1107,5
DA:1108,1
DA:1109,1
DA:1110,1
DA:1111,1
DA:1112,1
DA:1113,1
DA:1116,1
DA:1117,6
DA:1118,1
DA:1119,0
DA:1123,1
DA:1124,5
DA:1127,1
DA:1129,1
DA:1130,1
DA:1131,1
DA:1132,1
DA:1133,1
DA:1140,1
DA:1141,3
DA:1143,1
DA:1144,1
DA:1147,1
DA:1148,3
DA:1149,1
DA:1151,2
DA:1152,2
DA:1155,1
DA:1156,1
DA:1157,2
DA:1158,1
DA:1159,1
DA:1160,2
DA:1161,1
DA:1165,1
DA:1166,1
DA:1167,2
DA:1170,1
DA:1171,1
DA:1172,2
DA:1173,2
DA:1174,3
DA:1175,2
DA:1177,3
DA:1178,1
DA:1179,2
DA:1180,2
DA:1181,1
DA:1182,2
DA:1183,3
DA:1184,1
DA:1185,2
DA:1186,1
DA:1189,1
DA:1195,1
DA:1196,3
DA:1197,1
DA:1198,1
DA:1199,1
DA:1201,1
DA:1204,1
DA:1205,1
DA:1206,1
DA:1207,1
DA:1208,1
DA:1209,1
DA:1210,1
DA:1211,1
DA:1212,1
DA:1213,1
DA:1214,1
DA:1215,2
DA:1216,2
DA:1217,1
DA:1218,1
DA:1219,5
DA:1220,1
DA:1221,4
DA:1222,0
DA:1224,1
DA:1225,4
DA:1228,2
DA:1234,2
DA:1235,2
DA:1236,2
DA:1239,0
DA:1242,0
DA:1243,0
DA:1244,0
DA:1249,2
DA:1250,2
DA:1251,2
DA:1252,0
DA:1256,0
DA:1257,0
DA:1258,0
DA:1259,0
DA:1260,0
DA:1261,0
DA:1262,0
DA:1263,0
DA:1264,0
DA:1265,0
DA:1266,0
DA:1267,0
DA:1268,0
DA:1269,0
DA:1270,0
DA:1271,0
DA:1274,0
DA:1280,2
DA:1281,4
DA:1284,2
DA:1285,2
DA:1286,2
DA:1287,4
DA:1288,4
DA:1289,1
DA:1290,1
DA:1291,1
DA:1292,2
DA:1293,2
DA:1294,1
DA:1295,1
DA:1296,6
DA:1299,3
DA:1300,2
DA:1301,2
DA:1303,2
DA:1307,4
DA:1316,2
DA:1317,2
DA:1318,4
DA:1319,1
DA:1322,2
DA:1323,1
DA:1331,1
DA:1332,1
DA:1333,1
DA:1334,3
DA:1335,3
DA:1339,2
DA:1340,2
DA:1341,6
DA:1342,4
DA:1344,2
DA:1345,0
DA:1346,0
DA:1349,2
DA:1350,2
DA:1351,2
DA:1352,4
DA:1353,4
DA:1354,6
DA:1355,0
DA:1356,0
DA:1358,2
DA:1361,2
DA:1362,2
DA:1364,2
DA:1365,1
DA:1366,2
DA:1367,2
DA:1369,1
DA:1370,1
DA:1371,1
DA:1374,1
DA:1379,1
DA:1380,1
DA:1381,1
DA:1382,2
DA:1383,2
DA:1385,2
DA:1386,2
DA:1387,2
DA:1388,1
DA:1389,0
DA:1392,1
DA:1393,1
DA:1394,1
DA:1398,2
DA:1399,2
DA:1400,2
DA:1401,6
DA:1402,2
DA:1405,2
DA:1406,2
DA:1407,2
DA:1408,8
DA:1409,6
DA:1412,1
DA:1417,3
DA:1418,1
DA:1419,1
DA:1423,5
DA:1427,1
DA:1428,1
DA:1431,1
DA:1435,6
DA:1436,5
DA:1437,1
DA:1439,6
DA:1440,4
DA:1441,7
DA:1443,2
DA:1444,2
DA:1445,1
DA:1448,0
DA:1449,0
DA:1450,0
DA:1453,2
DA:1454,1
DA:1455,4
DA:1456,1
DA:1457,1
DA:1458,1
DA:1461,2
DA:1462,0
DA:1467,1
DA:1469,1
DA:1470,3
DA:1471,3
DA:1472,1
DA:1473,2
DA:1475,2
DA:1477,3
DA:1480,3
DA:1482,1
DA:1483,2
DA:1484,1
DA:1485,1
DA:1486,3
DA:1487,2
DA:1488,1
DA:1490,2
DA:1494,1
DA:1495,0
DA:1497,1
DA:1499,3
DA:1500,1
DA:1501,1
DA:1502,2
DA:1510,0
DA:1512,3
DA:1513,1
DA:1514,1
DA:1516,2
DA:1517,0
DA:1518,0
DA:1519,0
DA:1520,0
DA:1521,0
DA:1522,0
DA:1524,0
DA:1525,0
DA:1526,0
DA:1530,3
DA:1531,1
DA:1532,2
DA:1533,2
DA:1535,2
DA:1536,0
DA:1537,0
DA:1539,2
DA:1540,0
DA:1546,2
DA:1547,4
DA:1548,11
DA:1551,4
DA:1552,2
DA:1553,2
DA:1554,2
DA:1555,6
DA:1556,2
DA:1557,4
DA:1558,2
DA:1559,8
DA:1560,1
DA:1561,1
DA:1564,1
DA:1571,1
DA:1572,1
DA:1575,1
DA:1576,1
DA:1577,2
DA:1578,3
DA:1581,1
DA:1582,3
DA:1583,1
DA:1584,1
DA:1588,5
DA:1589,1
DA:1592,1
DA:1593,2
DA:1594,1
DA:1595,1
DA:1596,1
DA:1597,1
DA:1598,2
DA:1599,1
DA:1600,1
DA:1601,2
DA:1602,2
DA:1603,1
DA:1604,2
DA:1605,0
DA:1607,1
DA:1609,1
DA:1610,1
DA:1613,1
DA:1614,3
DA:1615,1
DA:1617,1
DA:1618,2
DA:1619,2
DA:1620,2
DA:1624,5
DA:1625,1
DA:1626,2
DA:1627,1
DA:1629,1
DA:1632,1
DA:1635,1
DA:1636,1
DA:1637,1
DA:1638,1
DA:1639,1
DA:1640,2
DA:1641,2
DA:1642,2
DA:1643,2
DA:1644,0
DA:1646,1
DA:1650,2
DA:1651,12
DA:1652,6
DA:1653,6
DA:1654,6
DA:1655,6
DA:1656,6
DA:1657,2
DA:1658,2
DA:1659,6
DA:1663,1
DA:1667,1
DA:1668,1
DA:1669,4
DA:1672,2
DA:1673,1
DA:1675,0
DA:1678,1
DA:1679,1
DA:1680,1
DA:1681,4
DA:1682,3
DA:1686,2
DA:1687,2
DA:1690,1
DA:1691,1
DA:1694,2
DA:1705,8
DA:1706,2
DA:1707,2
DA:1709,2
DA:1710,1
DA:1711,1
DA:1712,0
DA:1713,0
DA:1714,1
DA:1715,0
DA:1716,0
DA:1717,1
DA:1718,0
DA:1719,0
DA:1720,1
DA:1721,4
DA:1722,2
DA:1723,0
DA:1724,1
DA:1725,1
DA:1726,2
DA:1727,1
DA:1728,1
DA:1730,2
DA:1731,2
DA:1732,2
DA:1734,10
DA:1738,6
DA:1740,2
DA:1741,8
DA:1743,1
DA:1744,1
DA:1745,1
DA:1747,2
DA:1748,3
DA:1749,2
DA:1751,4
DA:1754,2
DA:1755,2
DA:1756,2
DA:1757,2
DA:1758,1
DA:1761,1
DA:1762,1
DA:1768,1
DA:1772,1
DA:1773,1
DA:1774,2
DA:1781,2
DA:1782,2
DA:1783,2
DA:1784,2
DA:1785,2
DA:1792,1
DA:1797,1
DA:1798,1
DA:1801,1
DA:1802,1
DA:1803,1
DA:1804,1
DA:1813,1
DA:1814,1
DA:1815,1
DA:1816,1
DA:1819,2
DA:1820,5
DA:1823,2
DA:1824,2
DA:1825,1
DA:1828,2
DA:1829,1
DA:1830,1
DA:1832,1
DA:1833,1
DA:1834,1
DA:1835,1
DA:1840,2
DA:1841,4
DA:1842,3
DA:1843,4
DA:1846,2
DA:1847,6
DA:1848,1
DA:1849,1
DA:1850,2
DA:1851,6
DA:1852,3
DA:1856,2
DA:1857,3
DA:1858,4
DA:1859,12
DA:1861,6
DA:1862,2
DA:1866,4
DA:1867,0
DA:1868,0
DA:1869,0
DA:1874,1
DA:1875,1
DA:1876,1
DA:1877,2
DA:1878,1
DA:1879,2
DA:1880,1
DA:1881,3
DA:1883,1
DA:1886,1
DA:1887,1
DA:1888,3
DA:1889,0
DA:1891,0
DA:1892,0
DA:1893,0
DA:1894,0
DA:1895,0
DA:1896,0
DA:1897,0
DA:1898,0
DA:1902,2
DA:1903,4
DA:1906,2
DA:1907,5
DA:1908,1
DA:1910,4
DA:1913,2
DA:1914,2
DA:1915,2
DA:1916,2
DA:1917,2
DA:1918,4
DA:1919,2
DA:1920,3
DA:1921,2
DA:1922,2
DA:1925,2
DA:1926,4
DA:1929,2
DA:1930,2
DA:1931,4
DA:1932,4
DA:1933,4
DA:1934,2
DA:1936,2
DA:1938,4
DA:1939,0
DA:1941,2
DA:1943,4
DA:1944,0
DA:1946,2
DA:1948,4
DA:1949,0
DA:1951,2
DA:1955,1
DA:1956,0
DA:1957,1
DA:1958,1
DA:1959,1
DA:1960,1
DA:1961,1
DA:1962,1
DA:1963,1
LF:1138
LH:827
end_of_record
SF:lib/core/providers/workspace_cache.dart
DA:24,2
DA:32,1
DA:38,1
DA:39,1
DA:40,1
DA:41,0
DA:42,0
DA:43,0
DA:46,0
DA:47,0
DA:48,0
DA:49,0
DA:50,0
DA:51,0
DA:54,0
DA:55,0
DA:56,0
DA:57,0
DA:58,0
DA:59,0
DA:61,0
DA:62,0
DA:79,1
DA:93,1
DA:104,1
DA:105,1
DA:106,1
DA:107,0
DA:108,1
DA:109,1
DA:110,1
DA:111,1
DA:112,1
DA:113,1
DA:114,1
DA:115,0
DA:118,0
DA:119,0
DA:120,0
DA:121,0
DA:122,0
DA:123,0
DA:124,0
DA:125,0
DA:126,0
DA:127,0
DA:128,0
DA:129,0
DA:132,0
DA:133,0
DA:134,0
DA:135,0
DA:136,0
DA:137,0
DA:138,0
DA:139,0
DA:140,0
DA:141,0
DA:142,0
DA:144,0
DA:145,0
DA:158,1
DA:168,2
DA:169,5
DA:170,2
DA:171,2
DA:172,2
DA:173,1
DA:174,1
DA:175,1
DA:178,1
DA:179,1
DA:180,1
DA:181,1
DA:182,4
DA:183,1
DA:184,1
DA:186,0
DA:188,1
DA:189,2
DA:190,2
DA:193,1
DA:194,1
DA:196,1
DA:197,1
DA:198,2
DA:213,2
DA:224,2
DA:234,2
DA:235,2
DA:236,2
DA:237,2
DA:238,2
DA:241,1
DA:244,2
DA:247,2
DA:250,2
DA:264,1
DA:281,2
DA:285,2
DA:286,2
DA:287,4
DA:288,2
DA:289,0
DA:291,4
DA:292,2
DA:293,2
DA:297,2
DA:299,2
DA:303,0
DA:304,0
DA:306,0
DA:311,0
DA:312,0
DA:318,2
DA:319,4
DA:356,2
DA:361,2
DA:367,4
DA:370,2
DA:371,4
DA:372,2
DA:377,4
DA:380,2
DA:381,4
DA:382,2
DA:388,2
DA:393,2
DA:394,2
DA:398,2
DA:400,4
DA:403,2
DA:407,2
DA:408,4
DA:410,2
DA:412,2
DA:415,2
DA:418,2
DA:419,4
DA:420,4
DA:421,2
DA:422,2
DA:424,0
DA:425,0
DA:430,2
DA:431,4
DA:432,4
DA:433,4
DA:436,2
DA:437,4
DA:443,2
DA:444,2
DA:445,1
DA:446,1
DA:447,1
DA:448,1
DA:449,1
DA:450,1
DA:452,0
DA:455,2
DA:458,2
DA:459,4
DA:465,2
DA:466,3
DA:467,1
DA:468,1
DA:469,1
DA:470,1
DA:471,1
DA:472,1
DA:473,1
DA:474,1
DA:475,1
DA:476,1
DA:477,2
DA:479,2
DA:480,0
DA:482,4
DA:485,2
DA:487,4
DA:490,1
DA:491,2
DA:498,1
DA:500,1
DA:504,1
DA:505,2
DA:506,1
DA:507,1
DA:510,1
DA:512,1
DA:514,1
DA:517,1
DA:518,2
DA:519,0
DA:521,0
DA:534,1
DA:535,2
DA:545,1
DA:546,1
DA:547,1
DA:548,1
DA:549,1
DA:550,2
DA:555,1
DA:556,2
DA:558,2
DA:560,2
DA:578,1
DA:579,1
DA:580,1
DA:581,1
DA:582,1
DA:583,1
DA:584,1
DA:585,1
DA:586,1
DA:587,1
DA:588,1
DA:589,2
DA:594,1
DA:599,2
DA:601,1
DA:603,2
DA:611,1
DA:614,2
DA:615,2
DA:620,1
DA:625,1
DA:628,2
DA:630,2
DA:631,1
DA:633,2
DA:634,1
DA:636,2
DA:637,1
DA:638,1
DA:639,1
DA:640,1
DA:643,2
DA:646,0
DA:648,0
DA:654,0
DA:663,2
DA:664,2
DA:667,2
DA:668,2
DA:669,2
DA:672,0
DA:673,0
DA:674,0
DA:677,0
DA:679,0
DA:681,0
DA:682,0
DA:685,0
DA:687,0
DA:688,0
DA:689,0
DA:692,0
DA:694,0
DA:696,0
DA:699,0
DA:700,0
DA:701,0
DA:702,0
DA:707,2
DA:708,4
DA:711,0
DA:717,0
DA:718,0
DA:719,0
DA:720,0
DA:723,0
DA:724,0
DA:725,0
DA:726,0
DA:729,0
DA:732,0
DA:733,0
DA:734,0
DA:735,0
DA:738,0
DA:739,0
DA:741,0
DA:743,0
DA:747,1
DA:754,1
DA:758,1
DA:761,1
DA:765,2
DA:768,2
DA:769,0
DA:770,0
DA:773,1
DA:774,0
DA:777,1
DA:781,1
DA:782,1
DA:783,1
DA:784,1
DA:785,2
DA:786,2
DA:787,0
DA:790,2
DA:793,2
DA:794,2
DA:795,2
DA:796,1
DA:797,2
DA:800,0
DA:802,2
DA:803,2
DA:806,2
DA:807,1
DA:810,1
DA:812,2
DA:813,2
DA:814,2
DA:815,2
DA:816,2
DA:817,1
DA:818,1
DA:819,1
DA:822,0
DA:825,0
DA:826,2
DA:827,1
DA:829,1
DA:830,1
DA:831,0
DA:832,2
DA:833,0
DA:834,1
DA:838,0
DA:839,0
DA:840,0
DA:841,0
DA:844,1
DA:845,1
DA:846,2
DA:847,3
DA:850,1
DA:851,2
DA:853,0
DA:855,2
DA:858,4
DA:859,2
DA:875,2
DA:877,6
DA:878,3
DA:879,2
DA:880,4
DA:881,2
DA:891,2
DA:892,4
DA:893,2
DA:898,2
DA:899,2
DA:903,2
DA:904,2
DA:909,2
DA:910,4
DA:911,4
DA:912,2
DA:913,4
DA:916,2
DA:917,2
DA:919,4
DA:920,4
DA:921,6
DA:922,4
DA:923,5
DA:924,2
DA:928,2
DA:929,0
DA:930,0
DA:931,0
DA:932,0
DA:935,2
DA:938,5
DA:939,2
DA:940,2
DA:944,0
DA:949,0
DA:950,0
DA:952,2
DA:953,2
DA:954,4
DA:955,4
DA:959,2
DA:965,1
DA:966,4
DA:968,2
DA:969,6
DA:971,2
DA:972,2
DA:973,4
DA:974,2
DA:975,2
DA:979,2
DA:980,6
DA:983,0
DA:984,0
DA:985,0
DA:986,0
DA:992,0
DA:993,0
DA:996,1
DA:1000,1
DA:1001,2
DA:1002,0
DA:1004,0
DA:1005,3
DA:1006,1
DA:1007,0
DA:1010,0
DA:1011,0
DA:1012,0
DA:1014,0
DA:1015,0
DA:1016,0
DA:1017,0
DA:1018,0
DA:1019,0
DA:1020,0
DA:1021,0
DA:1023,0
DA:1026,3
DA:1032,1
DA:1033,1
DA:1036,1
DA:1037,3
DA:1040,2
DA:1041,2
DA:1042,2
DA:1043,4
DA:1044,6
DA:1045,1
DA:1047,1
DA:1048,2
DA:1049,3
DA:1050,3
DA:1054,2
DA:1056,0
DA:1057,3
DA:1058,3
DA:1059,2
DA:1061,1
DA:1062,1
DA:1063,1
DA:1064,1
DA:1065,1
DA:1066,1
DA:1067,1
DA:1068,1
DA:1073,2
DA:1074,1
DA:1075,1
DA:1079,1
DA:1080,1
DA:1081,2
DA:1082,3
DA:1083,3
DA:1084,3
DA:1085,1
DA:1086,0
DA:1089,1
DA:1090,2
DA:1091,1
DA:1092,1
DA:1095,2
DA:1101,2
DA:1102,2
DA:1103,4
DA:1104,8
DA:1105,1
DA:1106,1
DA:1107,2
DA:1109,4
DA:1110,2
DA:1111,3
DA:1112,3
DA:1114,3
DA:1116,3
DA:1117,4
DA:1118,1
DA:1121,1
DA:1122,1
DA:1123,1
DA:1124,1
DA:1125,1
DA:1126,1
DA:1131,1
DA:1132,1
DA:1133,5
DA:1134,5
DA:1135,5
DA:1136,5
DA:1137,5
DA:1138,3
DA:1140,4
DA:1143,3
DA:1144,3
DA:1145,2
DA:1147,2
DA:1148,2
DA:1152,1
DA:1154,3
DA:1155,1
DA:1157,1
DA:1158,2
DA:1166,3
DA:1172,0
DA:1174,0
DA:1176,2
DA:1177,2
DA:1179,1
DA:1181,1
DA:1183,1
DA:1187,1
DA:1193,1
DA:1196,4
DA:1199,2
DA:1202,0
DA:1204,0
DA:1205,0
DA:1206,0
DA:1207,0
DA:1209,0
DA:1210,0
DA:1212,0
DA:1213,0
DA:1215,0
DA:1216,0
DA:1217,0
DA:1220,2
DA:1230,2
DA:1231,4
DA:1232,4
DA:1233,4
DA:1235,1
DA:1237,1
DA:1244,1
DA:1245,1
DA:1246,1
DA:1248,1
DA:1254,5
DA:1255,1
DA:1259,3
DA:1260,1
DA:1261,1
DA:1262,3
DA:1263,4
DA:1264,0
DA:1267,0
DA:1268,0
DA:1269,0
DA:1270,0
DA:1271,0
DA:1276,1
DA:1277,1
DA:1278,5
DA:1280,5
DA:1281,5
DA:1282,5
DA:1287,3
DA:1288,1
DA:1290,2
DA:1291,2
DA:1296,3
DA:1301,2
DA:1302,2
DA:1303,2
DA:1304,1
DA:1307,1
DA:1308,2
DA:1309,1
DA:1310,2
DA:1311,1
DA:1312,2
DA:1313,1
DA:1314,1
DA:1318,1
DA:1319,4
DA:1320,1
DA:1324,0
DA:1325,0
DA:1326,0
DA:1330,0
DA:1331,0
DA:1332,0
DA:1333,0
DA:1334,0
DA:1338,2
DA:1339,6
DA:1343,3
DA:1347,3
DA:1348,3
DA:1349,1
DA:1354,1
DA:1355,1
DA:1356,2
DA:1357,1
DA:1360,1
DA:1361,2
DA:1362,2
DA:1364,3
DA:1368,1
DA:1369,2
DA:1370,2
DA:1371,0
DA:1374,1
DA:1375,2
DA:1376,1
DA:1379,2
DA:1380,1
DA:1381,2
DA:1382,3
DA:1384,1
DA:1386,2
DA:1387,1
DA:1388,2
DA:1389,3
DA:1391,1
DA:1393,2
DA:1394,1
DA:1395,2
DA:1396,3
DA:1398,3
DA:1399,2
DA:1400,1
DA:1401,1
DA:1402,1
DA:1408,2
DA:1409,2
DA:1410,2
DA:1412,2
DA:1417,1
DA:1419,2
DA:1420,2
DA:1421,1
DA:1424,2
DA:1428,0
DA:1429,0
DA:1430,0
DA:1431,0
DA:1439,1
DA:1440,1
DA:1441,2
DA:1442,2
DA:1444,5
DA:1445,1
DA:1446,2
DA:1447,2
DA:1448,1
DA:1451,3
DA:1452,1
DA:1454,0
DA:1463,8
DA:1464,4
DA:1465,2
DA:1466,4
DA:1468,2
DA:1469,2
DA:1473,8
DA:1477,1
DA:1480,8
DA:1481,4
DA:1482,2
DA:1483,2
DA:1485,2
DA:1486,2
DA:1490,8
DA:1494,1
DA:1497,4
DA:1498,2
DA:1499,1
DA:1500,2
DA:1502,1
DA:1503,1
DA:1507,3
DA:1508,1
DA:1509,0
DA:1512,8
DA:1513,4
DA:1514,2
DA:1515,6
DA:1517,2
DA:1518,2
DA:1521,2
DA:1522,6
DA:1523,2
DA:1524,1
DA:1528,8
DA:1529,4
DA:1530,2
DA:1531,4
DA:1533,2
DA:1534,2
DA:1538,6
DA:1539,2
DA:1540,1
DA:1544,8
DA:1545,4
DA:1546,2
DA:1547,2
DA:1550,2
DA:1553,8
DA:1554,4
DA:1555,4
DA:1558,2
DA:1559,2
DA:1560,2
DA:1563,4
DA:1566,2
DA:1568,2
DA:1569,2
DA:1570,2
DA:1571,2
DA:1572,2
DA:1579,2
DA:1580,6
DA:1582,0
DA:1583,0
DA:1585,0
DA:1586,0
DA:1588,2
DA:1589,1
DA:1593,1
DA:1594,1
DA:1597,0
DA:1598,0
DA:1601,0
DA:1606,0
DA:1611,0
DA:1612,0
DA:1613,0
DA:1617,0
DA:1622,1
DA:1628,1
DA:1629,1
DA:1630,3
DA:1631,1
DA:1634,1
DA:1636,1
DA:1637,1
DA:1638,1
DA:1639,1
DA:1640,1
DA:1641,1
DA:1642,1
DA:1643,1
DA:1647,1
DA:1649,1
DA:1656,1
DA:1657,1
DA:1658,1
DA:1659,1
DA:1660,2
DA:1665,1
DA:1666,1
DA:1667,3
DA:1668,3
DA:1669,1
LF:764
LH:577
end_of_record
SF:lib/core/models/tool_display.dart
DA:15,0
DA:16,0
DA:17,0
DA:18,0
DA:19,0
DA:20,0
DA:22,0
DA:29,1
DA:30,1
DA:33,1
DA:41,1
DA:42,1
DA:43,1
DA:52,1
DA:53,1
DA:55,1
DA:57,0
DA:61,1
DA:62,1
DA:64,0
DA:65,0
DA:70,0
DA:71,0
DA:72,0
DA:74,0
DA:75,0
DA:76,0
DA:80,0
DA:96,0
LF:29
LH:11
end_of_record
SF:lib/core/providers/chat_provider.dart
DA:44,2
DA:67,2
DA:80,2
DA:81,2
DA:82,2
DA:83,2
DA:84,2
DA:85,2
DA:86,2
DA:87,2
DA:88,2
DA:89,2
DA:90,2
DA:91,2
DA:92,2
DA:93,1
DA:94,2
DA:95,1
DA:96,1
DA:97,1
DA:98,2
DA:99,2
DA:100,2
DA:103,2
DA:104,1
DA:105,1
DA:106,1
DA:107,1
DA:108,1
DA:109,1
DA:110,1
DA:111,1
DA:112,1
DA:113,1
DA:114,1
DA:115,1
DA:116,1
DA:117,1
DA:118,1
DA:119,1
DA:120,1
DA:121,1
DA:122,2
DA:125,2
DA:126,1
DA:127,1
DA:128,1
DA:129,1
DA:130,1
DA:131,1
DA:132,1
DA:133,1
DA:134,1
DA:135,1
DA:136,1
DA:137,1
DA:138,1
DA:139,1
DA:140,1
DA:141,1
DA:142,1
DA:143,1
DA:145,2
DA:149,6
DA:156,2
DA:157,2
DA:162,1
DA:164,5
DA:165,1
DA:169,1
DA:172,4
DA:175,6
DA:178,1
DA:184,2
DA:185,2
DA:186,0
DA:187,0
DA:188,0
DA:189,0
DA:190,0
DA:191,0
DA:194,0
DA:195,0
DA:196,0
DA:203,0
DA:204,0
DA:205,0
DA:207,0
DA:208,0
DA:209,0
DA:210,0
DA:211,0
DA:215,2
DA:217,4
DA:218,2
DA:219,2
DA:220,0
DA:224,2
DA:229,1
DA:231,1
DA:232,2
DA:233,1
DA:234,1
DA:235,0
DA:238,1
DA:243,1
DA:248,1
DA:249,1
DA:250,1
DA:251,2
DA:252,1
DA:253,1
DA:254,1
DA:255,1
DA:256,2
DA:257,2
DA:260,1
DA:261,2
DA:262,0
DA:263,0
DA:264,0
DA:265,0
DA:266,0
DA:267,0
DA:270,1
DA:273,2
DA:274,2
DA:275,4
DA:276,4
DA:281,1
DA:282,2
DA:285,2
DA:286,2
DA:287,12
DA:288,2
DA:289,0
DA:290,0
DA:291,0
DA:292,0
DA:293,0
DA:294,0
DA:295,0
DA:296,0
DA:299,0
DA:302,4
DA:303,2
DA:304,2
DA:305,2
DA:306,2
DA:307,2
DA:308,2
DA:309,2
DA:315,1
DA:316,2
DA:317,3
DA:318,5
DA:319,2
DA:321,1
DA:322,0
DA:323,0
DA:324,0
DA:325,0
DA:326,0
DA:328,0
DA:331,2
DA:332,1
DA:333,1
DA:335,1
DA:336,1
DA:337,1
DA:338,1
DA:339,1
DA:340,1
DA:346,2
DA:357,2
DA:359,0
DA:360,4
DA:361,2
DA:362,2
DA:370,2
DA:372,0
DA:373,2
DA:378,1
DA:392,1
DA:394,1
DA:395,1
DA:396,2
DA:397,0
DA:400,1
DA:401,2
DA:402,0
DA:403,0
DA:404,0
DA:405,0
DA:408,1
DA:409,0
DA:410,0
DA:411,0
DA:412,0
DA:413,0
DA:415,0
DA:416,0
DA:427,0
DA:430,1
DA:432,0
DA:433,2
DA:434,1
DA:435,1
DA:436,2
DA:445,1
DA:447,1
DA:451,1
DA:457,2
DA:458,2
DA:460,4
DA:461,2
DA:462,0
DA:463,4
DA:464,2
DA:465,3
DA:466,4
DA:467,2
DA:468,2
DA:470,0
DA:471,2
DA:472,2
DA:476,2
DA:481,2
DA:482,2
DA:484,2
DA:485,4
DA:486,4
DA:487,10
DA:489,2
DA:490,0
DA:491,0
DA:492,0
DA:493,0
DA:495,2
DA:496,4
DA:497,4
DA:498,8
DA:499,2
DA:500,2
DA:501,2
DA:502,2
DA:503,2
DA:504,2
DA:505,2
DA:507,2
DA:508,2
DA:509,2
DA:510,2
DA:511,2
DA:513,2
DA:515,2
DA:518,2
DA:523,2
DA:529,2
DA:530,1
DA:531,2
DA:532,1
DA:533,2
DA:534,1
DA:535,2
DA:536,1
DA:542,2
DA:548,2
DA:551,2
DA:554,2
DA:560,2
DA:563,2
DA:569,1
DA:573,1
DA:574,1
DA:577,2
DA:578,1
DA:579,1
DA:582,4
DA:584,1
DA:585,1
DA:586,1
DA:587,1
DA:588,1
DA:597,1
DA:598,1
DA:599,1
DA:603,1
DA:604,1
DA:605,1
DA:606,3
DA:607,2
DA:616,1
DA:617,1
DA:618,1
DA:622,1
DA:623,1
DA:624,1
DA:625,3
DA:626,2
DA:635,1
DA:636,1
DA:637,1
DA:641,1
DA:642,1
DA:643,1
DA:644,3
DA:645,1
DA:654,1
DA:655,4
DA:658,1
DA:659,5
DA:660,1
DA:661,2
DA:662,2
DA:663,4
DA:664,4
DA:668,2
DA:674,4
DA:675,2
DA:676,4
DA:677,0
DA:679,2
DA:680,0
DA:681,0
DA:682,0
DA:683,0
DA:684,0
DA:685,0
DA:686,0
DA:689,0
DA:693,4
DA:694,2
DA:695,2
DA:696,2
DA:702,2
DA:704,2
DA:709,1
DA:710,2
DA:711,1
DA:712,1
DA:713,3
DA:714,1
DA:715,1
DA:717,1
DA:718,1
DA:719,1
DA:723,0
DA:724,0
DA:725,0
DA:727,0
DA:728,0
DA:729,0
DA:730,0
DA:731,0
DA:735,2
DA:736,2
DA:737,2
DA:738,2
DA:744,2
DA:748,4
DA:749,2
DA:750,4
DA:751,2
DA:752,1
DA:754,2
DA:755,2
DA:756,2
DA:757,4
DA:758,1
DA:759,1
DA:761,0
DA:764,0
DA:768,1
DA:770,1
DA:771,1
DA:772,3
DA:773,1
DA:775,1
DA:776,1
DA:778,0
DA:781,1
DA:785,0
DA:786,0
DA:787,0
DA:788,0
DA:789,0
DA:790,0
DA:792,0
DA:797,0
DA:798,0
DA:799,0
DA:800,0
DA:804,0
DA:805,0
DA:810,0
DA:811,0
DA:812,0
DA:813,0
DA:814,0
DA:815,0
DA:816,0
DA:817,0
DA:823,0
DA:829,1
DA:830,1
LF:406
LH:302
end_of_record
SF:lib/core/providers/ui_providers.dart
DA:9,2
DA:11,2
DA:13,6
DA:14,2
DA:17,2
DA:18,2
DA:19,2
DA:23,6
DA:24,6
DA:26,4
DA:27,2
DA:28,6
DA:44,2
DA:56,0
DA:62,0
DA:63,0
DA:64,0
DA:65,0
DA:66,0
DA:67,0
DA:68,0
DA:69,0
DA:70,0
DA:71,0
DA:74,0
DA:75,0
DA:76,0
DA:77,0
DA:78,0
DA:79,0
DA:80,0
DA:81,0
DA:82,0
DA:83,0
DA:86,0
DA:87,0
DA:88,0
DA:89,0
DA:90,0
DA:91,0
DA:92,0
DA:93,0
DA:94,0
DA:95,0
DA:100,2
DA:101,2
DA:103,2
DA:104,2
DA:107,1
DA:108,2
DA:112,4
DA:113,2
DA:124,1
DA:131,2
DA:133,2
DA:135,6
DA:136,2
DA:139,2
DA:140,2
DA:141,2
DA:145,4
DA:146,2
DA:147,6
DA:158,1
DA:165,4
DA:166,2
DA:167,6
DA:170,0
DA:171,0
DA:173,0
DA:174,0
DA:176,0
DA:179,0
DA:180,0
DA:181,0
DA:182,0
DA:185,0
DA:190,0
DA:193,0
DA:194,0
DA:196,0
DA:197,0
DA:198,0
DA:201,0
DA:202,0
DA:203,0
DA:204,0
DA:205,0
DA:206,0
DA:207,0
DA:208,0
DA:209,0
DA:210,0
DA:213,0
DA:215,0
DA:216,0
DA:219,0
DA:224,6
DA:226,6
DA:231,3
DA:232,3
LF:101
LH:40
end_of_record
SF:lib/features/chat/message_bubble.dart
DA:15,1
DA:17,1
DA:19,3
DA:20,2
DA:22,1
DA:23,1
DA:25,1
DA:26,1
DA:28,0
DA:29,0
DA:31,0
DA:34,1
DA:35,3
DA:36,0
DA:38,4
DA:40,0
DA:41,0
DA:43,0
DA:46,0
DA:47,0
DA:49,0
DA:50,0
DA:51,0
DA:55,0
DA:58,0
DA:59,0
DA:67,1
DA:68,3
DA:69,0
DA:70,3
DA:71,1
DA:73,1
DA:74,4
DA:77,1
DA:78,4
DA:80,1
DA:82,1
DA:83,1
DA:86,1
DA:89,1
DA:90,1
DA:92,1
DA:94,1
DA:95,1
DA:97,1
DA:108,1
DA:109,1
DA:125,0
DA:126,0
DA:128,0
DA:130,0
DA:133,0
DA:134,0
DA:136,0
DA:137,0
DA:138,0
DA:139,0
DA:142,0
DA:144,0
DA:145,0
DA:146,0
DA:148,0
DA:150,0
DA:151,0
DA:154,0
DA:155,0
DA:160,0
DA:161,0
DA:162,0
DA:163,0
DA:171,0
DA:172,0
DA:173,0
DA:175,0
DA:176,0
DA:177,0
DA:179,0
DA:182,0
DA:183,0
DA:187,0
DA:188,0
DA:191,0
DA:192,0
DA:195,0
DA:196,0
DA:197,0
DA:210,1
DA:211,1
DA:213,1
DA:214,4
DA:217,1
DA:218,4
DA:220,1
DA:222,1
DA:223,1
DA:226,1
DA:228,1
DA:238,1
DA:239,3
DA:240,4
DA:248,2
DA:249,1
DA:264,0
DA:265,0
DA:268,0
DA:269,0
DA:270,0
DA:271,0
DA:273,0
DA:275,0
DA:276,0
DA:277,0
DA:278,0
DA:280,0
DA:282,0
DA:283,0
DA:291,0
DA:292,0
DA:293,0
DA:300,0
DA:301,0
DA:302,0
DA:303,0
DA:304,0
DA:306,0
DA:308,0
DA:309,0
DA:310,0
DA:311,0
DA:314,0
DA:315,0
DA:316,0
DA:319,0
DA:320,0
DA:324,0
DA:325,0
DA:326,0
DA:327,0
DA:328,0
DA:329,0
DA:330,0
DA:331,0
DA:336,0
DA:337,0
DA:338,0
DA:341,0
DA:342,0
DA:343,0
DA:344,0
DA:345,0
DA:348,0
DA:349,0
DA:352,0
DA:355,0
DA:356,0
DA:357,0
DA:358,0
DA:362,0
DA:363,0
DA:369,1
DA:370,1
DA:371,1
DA:372,0
DA:374,1
DA:375,0
DA:380,1
DA:381,1
DA:382,1
DA:383,1
DA:385,2
DA:386,2
DA:387,2
DA:388,2
DA:389,1
DA:392,2
DA:393,1
DA:395,2
DA:396,2
DA:397,1
DA:398,1
DA:401,1
DA:402,0
DA:404,1
DA:407,0
DA:409,0
DA:411,0
DA:419,1
DA:421,1
DA:422,1
DA:428,1
DA:430,1
DA:431,4
DA:434,0
DA:436,0
DA:437,0
DA:438,0
DA:439,0
DA:443,1
DA:445,5
DA:446,1
DA:448,1
DA:449,5
DA:451,1
DA:452,4
DA:454,1
DA:455,1
DA:456,1
DA:457,2
DA:460,1
DA:461,1
DA:462,5
DA:463,1
DA:465,1
DA:467,1
DA:468,1
DA:469,1
DA:470,1
DA:473,1
DA:476,1
DA:477,3
DA:478,0
DA:479,0
DA:480,1
DA:481,1
DA:487,4
DA:488,1
DA:492,1
DA:493,1
DA:497,1
DA:498,1
DA:499,5
DA:501,1
DA:506,1
DA:507,1
DA:511,1
DA:512,1
DA:518,1
DA:519,5
DA:520,3
DA:522,1
DA:523,1
DA:524,1
DA:528,1
DA:529,2
DA:531,1
DA:533,1
DA:534,1
DA:535,1
DA:536,2
DA:554,0
DA:561,0
DA:569,1
DA:570,3
DA:571,1
DA:572,0
DA:573,5
DA:574,3
DA:575,1
DA:577,1
DA:578,1
DA:579,1
DA:580,1
DA:582,1
DA:583,0
DA:585,1
DA:586,0
DA:588,1
DA:589,0
DA:591,1
DA:592,0
DA:595,2
DA:596,3
DA:597,0
DA:598,0
DA:599,0
DA:600,0
DA:601,0
DA:602,0
DA:603,0
DA:604,0
DA:605,0
DA:606,0
DA:607,0
DA:608,0
DA:610,0
DA:612,0
DA:618,2
DA:619,1
DA:620,1
DA:621,1
DA:647,0
DA:648,0
DA:651,0
DA:652,0
DA:654,0
DA:655,0
DA:657,0
DA:658,0
DA:659,0
DA:661,0
DA:662,0
DA:663,0
DA:664,0
DA:665,0
DA:666,0
DA:667,0
LF:306
LH:144
end_of_record
SF:lib/features/status/status_bar.dart
DA:9,1
DA:11,1
DA:13,2
DA:14,2
DA:15,1
DA:16,1
DA:18,1
DA:19,1
DA:20,1
DA:21,1
DA:22,1
DA:23,1
DA:24,2
DA:27,1
DA:28,1
DA:29,1
DA:31,1
DA:32,2
DA:33,1
DA:34,1
DA:35,2
DA:37,1
DA:39,1
DA:40,1
DA:43,1
DA:44,1
DA:45,1
DA:51,1
DA:53,1
DA:54,1
DA:62,1
DA:63,0
DA:64,0
DA:65,0
DA:67,0
DA:68,0
DA:81,1
DA:83,1
DA:84,1
DA:85,0
DA:86,0
DA:88,0
DA:92,1
DA:94,1
DA:95,1
DA:96,0
DA:97,0
DA:103,1
DA:104,1
DA:105,1
DA:106,0
DA:107,0
DA:108,0
LF:53
LH:40
end_of_record
